[debug] [2018-11-04T11:36:06.465Z] ----------------------------------------------------------------------
[debug] [2018-11-04T11:36:06.467Z] Command:       /usr/local/bin/node /usr/local/bin/firebase deploy
[debug] [2018-11-04T11:36:06.467Z] CLI Version:   6.0.1
[debug] [2018-11-04T11:36:06.467Z] Platform:      darwin
[debug] [2018-11-04T11:36:06.467Z] Node Version:  v8.12.0
[debug] [2018-11-04T11:36:06.468Z] Time:          Sun Nov 04 2018 20:36:06 GMT+0900 (KST)
[debug] [2018-11-04T11:36:06.468Z] ----------------------------------------------------------------------
[debug] 
[debug] [2018-11-04T11:36:06.477Z] > command requires scopes: ["email","openid","https://www.googleapis.com/auth/cloudplatformprojects.readonly","https://www.googleapis.com/auth/firebase","https://www.googleapis.com/auth/cloud-platform"]
[debug] [2018-11-04T11:36:06.477Z] > authorizing via signed-in user
[debug] [2018-11-04T11:36:06.477Z] [iam] checking project rndmenu for permissions ["cloudfunctions.functions.create","cloudfunctions.functions.delete","cloudfunctions.functions.get","cloudfunctions.functions.list","cloudfunctions.functions.update","cloudfunctions.operations.get","firebase.projects.get","firebasehosting.sites.update"]
[debug] [2018-11-04T11:36:06.479Z] >>> HTTP REQUEST POST https://cloudresourcemanager.googleapis.com/v1/projects/rndmenu:testIamPermissions  

[debug] [2018-11-04T11:36:08.139Z] <<< HTTP RESPONSE 200
[debug] [2018-11-04T11:36:08.140Z] >>> HTTP REQUEST GET https://firebase.googleapis.com/v1beta1/projects/rndmenu  
 
[debug] [2018-11-04T11:36:08.990Z] <<< HTTP RESPONSE 200
[info] 
[info] === Deploying to 'rndmenu'...
[info] 
[info] i  deploying functions, hosting
[debug] [2018-11-04T11:36:11.761Z] > [functions] package.json contents: {
  "name": "big-ben-functions",
  "description": "A simple endpoint that returns a number of 'BONG' based on the time of day",
  "dependencies": {
    "body-parser": "~1.15.2",
    "array": "latest",
    "iconv": "latest",
    "apiai": "latest",
    "firebase": "latest",
    "memory-cache": "latest",
    "universal-analytics": "^0.4.13",
    "moment-timezone": "latest",
    "cheerio": "^0.22.0",
    "request": "^2.79.0",
    "express": "^4.16.3",
    "firebase-admin": "~6.0.0",
    "firebase-functions": "^2.1.0"
  },
  "devDependencies": {
    "eslint": "^4.13.1",
    "eslint-plugin-promise": "^3.6.0"
  },
  "scripts": {
    "lint": "./node_modules/.bin/eslint --max-warnings=0 .",
    "serve": "firebase serve --only functions",
    "shell": "firebase experimental:functions:shell",
    "start": "npm run shell",
    "deploy": "firebase deploy --only functions",
    "logs": "firebase functions:log"
  },
  "engines": {
    "node": "8"
  },
  "private": true
}
[info] i  functions: ensuring necessary APIs are enabled...
[debug] [2018-11-04T11:36:11.762Z] >>> HTTP REQUEST GET https://servicemanagement.googleapis.com/v1/services/cloudfunctions.googleapis.com/projectSettings/rndmenu?view=CONSUMER_VIEW  
 
[debug] [2018-11-04T11:36:11.763Z] >>> HTTP REQUEST GET https://servicemanagement.googleapis.com/v1/services/runtimeconfig.googleapis.com/projectSettings/rndmenu?view=CONSUMER_VIEW  
 
[debug] [2018-11-04T11:36:13.350Z] <<< HTTP RESPONSE 200
[debug] [2018-11-04T11:36:13.408Z] <<< HTTP RESPONSE 200
[info] ✔  functions: all necessary APIs are enabled
[debug] [2018-11-04T11:36:13.409Z] >>> HTTP REQUEST GET https://cloudresourcemanager.googleapis.com/v1/projects/rndmenu  
 
[debug] [2018-11-04T11:36:14.271Z] <<< HTTP RESPONSE 200
[debug] [2018-11-04T11:36:14.272Z] >>> HTTP REQUEST GET https://mobilesdk-pa.googleapis.com/v1/projects/430408163918:getServerAppConfig  
 
[debug] [2018-11-04T11:36:15.192Z] <<< HTTP RESPONSE 200
[debug] [2018-11-04T11:36:15.194Z] >>> HTTP REQUEST POST https://firebasehosting.googleapis.com/v1beta1/sites/rndmenu/versions  

[debug] [2018-11-04T11:36:17.216Z] <<< HTTP RESPONSE 200
[info] i  functions: preparing functions directory for uploading...
[debug] [2018-11-04T11:36:17.223Z] >>> HTTP REQUEST GET https://runtimeconfig.googleapis.com/v1beta1/projects/rndmenu/configs  
 
[debug] [2018-11-04T11:36:17.700Z] <<< HTTP RESPONSE 200
[info] i  functions: packaged functions (75.34 KB) for uploading
[debug] [2018-11-04T11:36:18.237Z] >>> HTTP REQUEST POST https://cloudfunctions.googleapis.com/v1/projects/rndmenu/locations/us-central1/functions:generateUploadUrl  
 
[debug] [2018-11-04T11:36:19.247Z] <<< HTTP RESPONSE 200
[debug] [2018-11-04T11:36:19.248Z] >>> HTTP REQUEST PUT https://storage.googleapis.com/gcf-upload-us-central1-c087befd-e931-4945-8063-c1ac8d3f19d3/6c17d4b1-0f07-41be-9d6b-eeef238810a0.zip?GoogleAccessId=service-430408163918@gcf-admin-robot.iam.gserviceaccount.com&Expires=1541333178&Signature=BWXyKeRl%2BSzIBpVgYq40%2BRs5wJcvPjBoFsPRGDegJsTOA4s4NMFF7zA6KakCBVFwTALSGEBQu2762K6ajfTKpYw5JncRYr4U4bdWb33QF3%2BU4g0X0Fqgh0KX9yqDTIi3AkLCD9GVNefqhLlrYLpcmE%2BhtsWjffsyTrLYYc1lkgo6zUVnrOnlanKDm%2FbD1pRzg2kRVPJ7z0wQJZ1AsKJwMwhIIjtesesCiSyu%2FUpS5uT2mmAfZc8Ia9No6%2Fh0a9%2FrrRmqvXVxombacCbCcefTMXgKams6Na8gKTUHmuQ59jJj8affIZqJDfVz490ysBCMSygLENHpEBDqTLnU4XLxKA%3D%3D  

[debug] [2018-11-04T11:36:21.642Z] <<< HTTP RESPONSE 200
[info] ✔  functions: functions folder uploaded successfully
[info] i  hosting[rndmenu]: beginning deploy...
[info] i  hosting[rndmenu]: found 2 files in public
[debug] [2018-11-04T11:36:21.649Z] [hosting] hash cache [cHVibGlj] load error: lines is not defined
[debug] [2018-11-04T11:36:21.657Z] [hosting] hash cache [cHVibGlj] stored for 2 files
[debug] [2018-11-04T11:36:21.657Z] [hosting][hash queue][FINAL]
[debug] [2018-11-04T11:36:21.658Z] >>> HTTP REQUEST POST https://firebasehosting.googleapis.com/v1beta1/sites/rndmenu/versions/5efec1284c7cb4bd:populateFiles  
 <request body omitted>
[debug] [2018-11-04T11:36:23.486Z] <<< HTTP RESPONSE 200
[debug] [2018-11-04T11:36:23.486Z] [hosting][populate queue][FINAL]
[debug] [2018-11-04T11:36:23.486Z] [hosting] uploads queued: 0
[debug] [2018-11-04T11:36:23.487Z] [hosting][upload queue][FINAL]
[info] ✔  hosting[rndmenu]: file upload complete
[debug] [2018-11-04T11:36:23.487Z] [hosting] deploy completed after 1843ms
[debug] [2018-11-04T11:36:23.489Z] >>> HTTP REQUEST GET https://cloudfunctions.googleapis.com/v1/projects/rndmenu/locations/-/functions  
 
[debug] [2018-11-04T11:36:24.533Z] <<< HTTP RESPONSE 200
[info] i  functions: updating Node.js 8 function app(us-central1)...
[debug] [2018-11-04T11:36:24.536Z] Trigger is:  {"httpsTrigger":{}}
[debug] [2018-11-04T11:36:24.537Z] >>> HTTP REQUEST PATCH https://cloudfunctions.googleapis.com/v1/projects/rndmenu/locations/us-central1/functions/app {"updateMask":"sourceUploadUrl,name,labels,runtime,httpsTrigger"} 

[debug] [2018-11-04T11:36:25.329Z] <<< HTTP RESPONSE 200
[debug] [2018-11-04T11:36:25.331Z] >>> HTTP REQUEST GET https://cloudfunctions.googleapis.com/v1/projects/rndmenu/locations/-/functions  
 
[debug] [2018-11-04T11:36:26.251Z] <<< HTTP RESPONSE 200
[debug] [2018-11-04T11:36:26.252Z] >>> HTTP REQUEST GET https://cloudfunctions.googleapis.com/v1/operations/cm5kbWVudS91cy1jZW50cmFsMS9hcHAvZVI5UlZ4THFlTUk  
 
[debug] [2018-11-04T11:36:27.172Z] <<< HTTP RESPONSE 200
[debug] [2018-11-04T11:36:29.179Z] >>> HTTP REQUEST GET https://cloudfunctions.googleapis.com/v1/operations/cm5kbWVudS91cy1jZW50cmFsMS9hcHAvZVI5UlZ4THFlTUk  
 
[debug] [2018-11-04T11:36:29.671Z] <<< HTTP RESPONSE 200
[debug] [2018-11-04T11:36:31.676Z] >>> HTTP REQUEST GET https://cloudfunctions.googleapis.com/v1/operations/cm5kbWVudS91cy1jZW50cmFsMS9hcHAvZVI5UlZ4THFlTUk  
 
[debug] [2018-11-04T11:36:32.337Z] <<< HTTP RESPONSE 200
[debug] [2018-11-04T11:36:34.341Z] >>> HTTP REQUEST GET https://cloudfunctions.googleapis.com/v1/operations/cm5kbWVudS91cy1jZW50cmFsMS9hcHAvZVI5UlZ4THFlTUk  
 
[debug] [2018-11-04T11:36:34.799Z] <<< HTTP RESPONSE 200
[debug] [2018-11-04T11:36:36.801Z] >>> HTTP REQUEST GET https://cloudfunctions.googleapis.com/v1/operations/cm5kbWVudS91cy1jZW50cmFsMS9hcHAvZVI5UlZ4THFlTUk  
 
[debug] [2018-11-04T11:36:37.309Z] <<< HTTP RESPONSE 200
[debug] [2018-11-04T11:36:39.312Z] >>> HTTP REQUEST GET https://cloudfunctions.googleapis.com/v1/operations/cm5kbWVudS91cy1jZW50cmFsMS9hcHAvZVI5UlZ4THFlTUk  
 
[debug] [2018-11-04T11:36:40.995Z] <<< HTTP RESPONSE 200
[debug] [2018-11-04T11:36:43.000Z] >>> HTTP REQUEST GET https://cloudfunctions.googleapis.com/v1/operations/cm5kbWVudS91cy1jZW50cmFsMS9hcHAvZVI5UlZ4THFlTUk  
 
